2017-04-24 15:19:16.2936 Error System.InvalidOperationException: The view 'createuser' or its master was not found or no view engine supports the searched locations. The following locations were searched:
~/Areas/Sys/Views/user/createuser.aspx
~/Areas/Sys/Views/user/createuser.ascx
~/Areas/Sys/Views/Shared/createuser.aspx
~/Areas/Sys/Views/Shared/createuser.ascx
~/Views/user/createuser.aspx
~/Views/user/createuser.ascx
~/Views/Shared/createuser.aspx
~/Views/Shared/createuser.ascx
~/Areas/Sys/Views/user/createuser.cshtml
~/Areas/Sys/Views/user/createuser.vbhtml
~/Areas/Sys/Views/Shared/createuser.cshtml
~/Areas/Sys/Views/Shared/createuser.vbhtml
~/Views/user/createuser.cshtml
~/Views/user/createuser.vbhtml
~/Views/Shared/createuser.cshtml
~/Views/Shared/createuser.vbhtml
   在 System.Web.Mvc.ViewResult.FindView(ControllerContext context)
   在 System.Web.Mvc.ViewResultBase.ExecuteResult(ControllerContext context)
   在 System.Web.Mvc.ControllerActionInvoker.InvokeActionResult(ControllerContext controllerContext, ActionResult actionResult)
   在 System.Web.Mvc.ControllerActionInvoker.InvokeActionResultFilterRecursive(IList`1 filters, Int32 filterIndex, ResultExecutingContext preContext, ControllerContext controllerContext, ActionResult actionResult)
   在 System.Web.Mvc.ControllerActionInvoker.InvokeActionResultFilterRecursive(IList`1 filters, Int32 filterIndex, ResultExecutingContext preContext, ControllerContext controllerContext, ActionResult actionResult)
   在 System.Web.Mvc.ControllerActionInvoker.InvokeActionResultWithFilters(ControllerContext controllerContext, IList`1 filters, ActionResult actionResult)
   在 System.Web.Mvc.Async.AsyncControllerActionInvoker.<>c__DisplayClass21.<>c__DisplayClass2b.<BeginInvokeAction>b__1c()
   在 System.Web.Mvc.Async.AsyncControllerActionInvoker.<>c__DisplayClass21.<BeginInvokeAction>b__1e(IAsyncResult asyncResult)
2017-04-24 15:19:56.5860 Error System.InvalidOperationException: The view 'createuser' or its master was not found or no view engine supports the searched locations. The following locations were searched:
~/Areas/Sys/Views/user/createuser.aspx
~/Areas/Sys/Views/user/createuser.ascx
~/Areas/Sys/Views/Shared/createuser.aspx
~/Areas/Sys/Views/Shared/createuser.ascx
~/Views/user/createuser.aspx
~/Views/user/createuser.ascx
~/Views/Shared/createuser.aspx
~/Views/Shared/createuser.ascx
~/Areas/Sys/Views/user/createuser.cshtml
~/Areas/Sys/Views/user/createuser.vbhtml
~/Areas/Sys/Views/Shared/createuser.cshtml
~/Areas/Sys/Views/Shared/createuser.vbhtml
~/Views/user/createuser.cshtml
~/Views/user/createuser.vbhtml
~/Views/Shared/createuser.cshtml
~/Views/Shared/createuser.vbhtml
   在 System.Web.Mvc.ViewResult.FindView(ControllerContext context)
   在 System.Web.Mvc.ViewResultBase.ExecuteResult(ControllerContext context)
   在 System.Web.Mvc.ControllerActionInvoker.InvokeActionResult(ControllerContext controllerContext, ActionResult actionResult)
   在 System.Web.Mvc.ControllerActionInvoker.InvokeActionResultFilterRecursive(IList`1 filters, Int32 filterIndex, ResultExecutingContext preContext, ControllerContext controllerContext, ActionResult actionResult)
   在 System.Web.Mvc.ControllerActionInvoker.InvokeActionResultFilterRecursive(IList`1 filters, Int32 filterIndex, ResultExecutingContext preContext, ControllerContext controllerContext, ActionResult actionResult)
   在 System.Web.Mvc.ControllerActionInvoker.InvokeActionResultWithFilters(ControllerContext controllerContext, IList`1 filters, ActionResult actionResult)
   在 System.Web.Mvc.Async.AsyncControllerActionInvoker.<>c__DisplayClass21.<>c__DisplayClass2b.<BeginInvokeAction>b__1c()
   在 System.Web.Mvc.Async.AsyncControllerActionInvoker.<>c__DisplayClass21.<BeginInvokeAction>b__1e(IAsyncResult asyncResult)
