2017-04-24 10:43:50.5114 Error System.Exception: PropertyEqualColumnMapper:列NAME在对象Han.Fm.Model.Dto.Sys.UserResult中没有对应的属性
   在 Han.DbLight.Mapper.PropertyEqualColumnMapper`1.MapRow(IDataRecord row) 位置 C:\hankk\Fm\Han.DbLight\Mapper\PropertyAsColumnMapper.cs:行号 53
   在 Han.DbLight.Oracle.OracleQuerySession.ExecuteSqlString[TResult](String commandText, IRowMapper`1 rowMapper, IDictionary`2 dbParameters) 位置 C:\hankk\Fm\Han.DbLight.Oralce\OracleQuerySession.cs:行号 304
   在 Han.DbLight.Oracle.OracleQuerySession.ExecuteSqlString[TResult](String commandText, IRowMapper`1 rowMapper, Object[] parameterValues) 位置 C:\hankk\Fm\Han.DbLight.Oralce\OracleQuerySession.cs:行号 252
   在 Han.DbLight.Oracle.OracleQuerySession.ExecuteSqlString[TResult](String commandText, Object[] parameterValues) 位置 C:\hankk\Fm\Han.DbLight.Oralce\OracleQuerySession.cs:行号 237
   在 Han.Fm.Dal.Sys.UserDao.GetUsers() 位置 C:\hankk\Fm\Han.Fm.Dal\Sys\UserDao.cs:行号 42
   在 Han.Fm.Service.Sys.UserService.GetUsers() 位置 C:\hankk\Fm\Han.Fm.Service\Sys\UserService.cs:行号 29
   在 Han.Fm.Web.Areas.Sys.Controllers.UserController.GetUsers() 位置 C:\hankk\Fm\Han.Fm.Web\Areas\Sys\Controllers\UserController.cs:行号 16
   在 lambda_method(Closure , ControllerBase , Object[] )
   在 System.Web.Mvc.ActionMethodDispatcher.Execute(ControllerBase controller, Object[] parameters)
   在 System.Web.Mvc.ReflectedActionDescriptor.Execute(ControllerContext controllerContext, IDictionary`2 parameters)
   在 System.Web.Mvc.ControllerActionInvoker.InvokeActionMethod(ControllerContext controllerContext, ActionDescriptor actionDescriptor, IDictionary`2 parameters)
   在 System.Web.Mvc.Async.AsyncControllerActionInvoker.<BeginInvokeSynchronousActionMethod>b__39(IAsyncResult asyncResult, ActionInvocation innerInvokeState)
   在 System.Web.Mvc.Async.AsyncResultWrapper.WrappedAsyncResult`2.CallEndDelegate(IAsyncResult asyncResult)
   在 System.Web.Mvc.Async.AsyncResultWrapper.WrappedAsyncResultBase`1.End()
   在 System.Web.Mvc.Async.AsyncControllerActionInvoker.EndInvokeActionMethod(IAsyncResult asyncResult)
   在 System.Web.Mvc.Async.AsyncControllerActionInvoker.AsyncInvocationWithFilters.<InvokeActionMethodFilterAsynchronouslyRecursive>b__3d()
   在 System.Web.Mvc.Async.AsyncControllerActionInvoker.AsyncInvocationWithFilters.<>c__DisplayClass46.<InvokeActionMethodFilterAsynchronouslyRecursive>b__3f()
   在 System.Web.Mvc.Async.AsyncControllerActionInvoker.<>c__DisplayClass33.<BeginInvokeActionMethodWithFilters>b__32(IAsyncResult asyncResult)
   在 System.Web.Mvc.Async.AsyncResultWrapper.WrappedAsyncResult`1.CallEndDelegate(IAsyncResult asyncResult)
   在 System.Web.Mvc.Async.AsyncResultWrapper.WrappedAsyncResultBase`1.End()
   在 System.Web.Mvc.Async.AsyncControllerActionInvoker.EndInvokeActionMethodWithFilters(IAsyncResult asyncResult)
   在 System.Web.Mvc.Async.AsyncControllerActionInvoker.<>c__DisplayClass21.<>c__DisplayClass2b.<BeginInvokeAction>b__1c()
   在 System.Web.Mvc.Async.AsyncControllerActionInvoker.<>c__DisplayClass21.<BeginInvokeAction>b__1e(IAsyncResult asyncResult)
2017-04-24 12:18:25.7616 Error System.Exception: PropertyEqualColumnMapper:列LATEST_PASSWORD_UPDATE在对象Han.Fm.Model.Dto.Sys.UserResult中没有对应的属性
   在 Han.DbLight.Mapper.PropertyEqualColumnMapper`1.MapRow(IDataRecord row) 位置 C:\hankk\Fm\Han.DbLight\Mapper\PropertyAsColumnMapper.cs:行号 53
   在 Han.DbLight.Oracle.OracleQuerySession.ExecuteSqlString[TResult](String commandText, IRowMapper`1 rowMapper, IDictionary`2 dbParameters) 位置 C:\hankk\Fm\Han.DbLight.Oralce\OracleQuerySession.cs:行号 304
   在 Han.DbLight.Oracle.OracleQuerySession.ExecuteSqlString[TResult](String commandText, IRowMapper`1 rowMapper, Object[] parameterValues) 位置 C:\hankk\Fm\Han.DbLight.Oralce\OracleQuerySession.cs:行号 252
   在 Han.DbLight.Oracle.OracleQuerySession.ExecuteSqlString[TResult](String commandText, Object[] parameterValues) 位置 C:\hankk\Fm\Han.DbLight.Oralce\OracleQuerySession.cs:行号 237
   在 Han.Fm.Dal.Sys.UserDao.GetUsers() 位置 C:\hankk\Fm\Han.Fm.Dal\Sys\UserDao.cs:行号 41
   在 Han.Fm.Service.Sys.UserService.GetUsers() 位置 C:\hankk\Fm\Han.Fm.Service\Sys\UserService.cs:行号 29
   在 Han.Fm.Web.Areas.Sys.Controllers.UserController.GetUsers(String sEcho) 位置 C:\hankk\Fm\Han.Fm.Web\Areas\Sys\Controllers\UserController.cs:行号 18
   在 lambda_method(Closure , ControllerBase , Object[] )
   在 System.Web.Mvc.ActionMethodDispatcher.Execute(ControllerBase controller, Object[] parameters)
   在 System.Web.Mvc.ReflectedActionDescriptor.Execute(ControllerContext controllerContext, IDictionary`2 parameters)
   在 System.Web.Mvc.ControllerActionInvoker.InvokeActionMethod(ControllerContext controllerContext, ActionDescriptor actionDescriptor, IDictionary`2 parameters)
   在 System.Web.Mvc.Async.AsyncControllerActionInvoker.<BeginInvokeSynchronousActionMethod>b__39(IAsyncResult asyncResult, ActionInvocation innerInvokeState)
   在 System.Web.Mvc.Async.AsyncResultWrapper.WrappedAsyncResult`2.CallEndDelegate(IAsyncResult asyncResult)
   在 System.Web.Mvc.Async.AsyncResultWrapper.WrappedAsyncResultBase`1.End()
   在 System.Web.Mvc.Async.AsyncControllerActionInvoker.EndInvokeActionMethod(IAsyncResult asyncResult)
   在 System.Web.Mvc.Async.AsyncControllerActionInvoker.AsyncInvocationWithFilters.<InvokeActionMethodFilterAsynchronouslyRecursive>b__3d()
   在 System.Web.Mvc.Async.AsyncControllerActionInvoker.AsyncInvocationWithFilters.<>c__DisplayClass46.<InvokeActionMethodFilterAsynchronouslyRecursive>b__3f()
   在 System.Web.Mvc.Async.AsyncControllerActionInvoker.<>c__DisplayClass33.<BeginInvokeActionMethodWithFilters>b__32(IAsyncResult asyncResult)
   在 System.Web.Mvc.Async.AsyncResultWrapper.WrappedAsyncResult`1.CallEndDelegate(IAsyncResult asyncResult)
   在 System.Web.Mvc.Async.AsyncResultWrapper.WrappedAsyncResultBase`1.End()
   在 System.Web.Mvc.Async.AsyncControllerActionInvoker.EndInvokeActionMethodWithFilters(IAsyncResult asyncResult)
   在 System.Web.Mvc.Async.AsyncControllerActionInvoker.<>c__DisplayClass21.<>c__DisplayClass2b.<BeginInvokeAction>b__1c()
   在 System.Web.Mvc.Async.AsyncControllerActionInvoker.<>c__DisplayClass21.<BeginInvokeAction>b__1e(IAsyncResult asyncResult)
2017-04-24 12:19:25.8364 Error System.Exception: PropertyEqualColumnMapper:列LATEST_PASSWORD_UPDATE在对象Han.Fm.Model.Dto.Sys.UserResult中没有对应的属性
   在 Han.DbLight.Mapper.PropertyEqualColumnMapper`1.MapRow(IDataRecord row) 位置 C:\hankk\Fm\Han.DbLight\Mapper\PropertyAsColumnMapper.cs:行号 53
   在 Han.DbLight.Oracle.OracleQuerySession.ExecuteSqlString[TResult](String commandText, IRowMapper`1 rowMapper, IDictionary`2 dbParameters) 位置 C:\hankk\Fm\Han.DbLight.Oralce\OracleQuerySession.cs:行号 304
   在 Han.DbLight.Oracle.OracleQuerySession.ExecuteSqlString[TResult](String commandText, IRowMapper`1 rowMapper, Object[] parameterValues) 位置 C:\hankk\Fm\Han.DbLight.Oralce\OracleQuerySession.cs:行号 252
   在 Han.DbLight.Oracle.OracleQuerySession.ExecuteSqlString[TResult](String commandText, Object[] parameterValues) 位置 C:\hankk\Fm\Han.DbLight.Oralce\OracleQuerySession.cs:行号 237
   在 Han.Fm.Dal.Sys.UserDao.GetUsers() 位置 C:\hankk\Fm\Han.Fm.Dal\Sys\UserDao.cs:行号 41
   在 Han.Fm.Service.Sys.UserService.GetUsers() 位置 C:\hankk\Fm\Han.Fm.Service\Sys\UserService.cs:行号 29
   在 Han.Fm.Web.Areas.Sys.Controllers.UserController.GetUsers(String sEcho) 位置 C:\hankk\Fm\Han.Fm.Web\Areas\Sys\Controllers\UserController.cs:行号 18
   在 lambda_method(Closure , ControllerBase , Object[] )
   在 System.Web.Mvc.ActionMethodDispatcher.Execute(ControllerBase controller, Object[] parameters)
   在 System.Web.Mvc.ReflectedActionDescriptor.Execute(ControllerContext controllerContext, IDictionary`2 parameters)
   在 System.Web.Mvc.ControllerActionInvoker.InvokeActionMethod(ControllerContext controllerContext, ActionDescriptor actionDescriptor, IDictionary`2 parameters)
   在 System.Web.Mvc.Async.AsyncControllerActionInvoker.<BeginInvokeSynchronousActionMethod>b__39(IAsyncResult asyncResult, ActionInvocation innerInvokeState)
   在 System.Web.Mvc.Async.AsyncResultWrapper.WrappedAsyncResult`2.CallEndDelegate(IAsyncResult asyncResult)
   在 System.Web.Mvc.Async.AsyncResultWrapper.WrappedAsyncResultBase`1.End()
   在 System.Web.Mvc.Async.AsyncControllerActionInvoker.EndInvokeActionMethod(IAsyncResult asyncResult)
   在 System.Web.Mvc.Async.AsyncControllerActionInvoker.AsyncInvocationWithFilters.<InvokeActionMethodFilterAsynchronouslyRecursive>b__3d()
   在 System.Web.Mvc.Async.AsyncControllerActionInvoker.AsyncInvocationWithFilters.<>c__DisplayClass46.<InvokeActionMethodFilterAsynchronouslyRecursive>b__3f()
   在 System.Web.Mvc.Async.AsyncControllerActionInvoker.<>c__DisplayClass33.<BeginInvokeActionMethodWithFilters>b__32(IAsyncResult asyncResult)
   在 System.Web.Mvc.Async.AsyncResultWrapper.WrappedAsyncResult`1.CallEndDelegate(IAsyncResult asyncResult)
   在 System.Web.Mvc.Async.AsyncResultWrapper.WrappedAsyncResultBase`1.End()
   在 System.Web.Mvc.Async.AsyncControllerActionInvoker.EndInvokeActionMethodWithFilters(IAsyncResult asyncResult)
   在 System.Web.Mvc.Async.AsyncControllerActionInvoker.<>c__DisplayClass21.<>c__DisplayClass2b.<BeginInvokeAction>b__1c()
   在 System.Web.Mvc.Async.AsyncControllerActionInvoker.<>c__DisplayClass21.<BeginInvokeAction>b__1e(IAsyncResult asyncResult)
