2017-04-28 13:01:24.9798 Error System.InvalidOperationException: The view '~/Views/Sys/MenuNode.cshtml' or its master was not found or no view engine supports the searched locations. The following locations were searched:
~/Views/Sys/MenuNode.cshtml
~/Areas/Sys/Views/menu/{"Id":42,"Name":"首页","MenuView":"CisApp.view.sys.home.Home","ParentId":0,"ViewParams":null,"Handler":"openNewTab","Icon":"fa fa-home","SysAppKey":"3601DE249ADF63D4E0531D82750A85F3","ValidateCode":null,"OperationType":"2","MenuType":"3","Remark":null,"Sort":100,"State":"1"}.master
~/Areas/Sys/Views/Shared/{"Id":42,"Name":"首页","MenuView":"CisApp.view.sys.home.Home","ParentId":0,"ViewParams":null,"Handler":"openNewTab","Icon":"fa fa-home","SysAppKey":"3601DE249ADF63D4E0531D82750A85F3","ValidateCode":null,"OperationType":"2","MenuType":"3","Remark":null,"Sort":100,"State":"1"}.master
~/Views/menu/{"Id":42,"Name":"首页","MenuView":"CisApp.view.sys.home.Home","ParentId":0,"ViewParams":null,"Handler":"openNewTab","Icon":"fa fa-home","SysAppKey":"3601DE249ADF63D4E0531D82750A85F3","ValidateCode":null,"OperationType":"2","MenuType":"3","Remark":null,"Sort":100,"State":"1"}.master
~/Views/Shared/{"Id":42,"Name":"首页","MenuView":"CisApp.view.sys.home.Home","ParentId":0,"ViewParams":null,"Handler":"openNewTab","Icon":"fa fa-home","SysAppKey":"3601DE249ADF63D4E0531D82750A85F3","ValidateCode":null,"OperationType":"2","MenuType":"3","Remark":null,"Sort":100,"State":"1"}.master
~/Areas/Sys/Views/menu/{"Id":42,"Name":"首页","MenuView":"CisApp.view.sys.home.Home","ParentId":0,"ViewParams":null,"Handler":"openNewTab","Icon":"fa fa-home","SysAppKey":"3601DE249ADF63D4E0531D82750A85F3","ValidateCode":null,"OperationType":"2","MenuType":"3","Remark":null,"Sort":100,"State":"1"}.cshtml
~/Areas/Sys/Views/menu/{"Id":42,"Name":"首页","MenuView":"CisApp.view.sys.home.Home","ParentId":0,"ViewParams":null,"Handler":"openNewTab","Icon":"fa fa-home","SysAppKey":"3601DE249ADF63D4E0531D82750A85F3","ValidateCode":null,"OperationType":"2","MenuType":"3","Remark":null,"Sort":100,"State":"1"}.vbhtml
~/Areas/Sys/Views/Shared/{"Id":42,"Name":"首页","MenuView":"CisApp.view.sys.home.Home","ParentId":0,"ViewParams":null,"Handler":"openNewTab","Icon":"fa fa-home","SysAppKey":"3601DE249ADF63D4E0531D82750A85F3","ValidateCode":null,"OperationType":"2","MenuType":"3","Remark":null,"Sort":100,"State":"1"}.cshtml
~/Areas/Sys/Views/Shared/{"Id":42,"Name":"首页","MenuView":"CisApp.view.sys.home.Home","ParentId":0,"ViewParams":null,"Handler":"openNewTab","Icon":"fa fa-home","SysAppKey":"3601DE249ADF63D4E0531D82750A85F3","ValidateCode":null,"OperationType":"2","MenuType":"3","Remark":null,"Sort":100,"State":"1"}.vbhtml
~/Views/menu/{"Id":42,"Name":"首页","MenuView":"CisApp.view.sys.home.Home","ParentId":0,"ViewParams":null,"Handler":"openNewTab","Icon":"fa fa-home","SysAppKey":"3601DE249ADF63D4E0531D82750A85F3","ValidateCode":null,"OperationType":"2","MenuType":"3","Remark":null,"Sort":100,"State":"1"}.cshtml
~/Views/menu/{"Id":42,"Name":"首页","MenuView":"CisApp.view.sys.home.Home","ParentId":0,"ViewParams":null,"Handler":"openNewTab","Icon":"fa fa-home","SysAppKey":"3601DE249ADF63D4E0531D82750A85F3","ValidateCode":null,"OperationType":"2","MenuType":"3","Remark":null,"Sort":100,"State":"1"}.vbhtml
~/Views/Shared/{"Id":42,"Name":"首页","MenuView":"CisApp.view.sys.home.Home","ParentId":0,"ViewParams":null,"Handler":"openNewTab","Icon":"fa fa-home","SysAppKey":"3601DE249ADF63D4E0531D82750A85F3","ValidateCode":null,"OperationType":"2","MenuType":"3","Remark":null,"Sort":100,"State":"1"}.cshtml
~/Views/Shared/{"Id":42,"Name":"首页","MenuView":"CisApp.view.sys.home.Home","ParentId":0,"ViewParams":null,"Handler":"openNewTab","Icon":"fa fa-home","SysAppKey":"3601DE249ADF63D4E0531D82750A85F3","ValidateCode":null,"OperationType":"2","MenuType":"3","Remark":null,"Sort":100,"State":"1"}.vbhtml
   在 System.Web.Mvc.ViewResult.FindView(ControllerContext context)
   在 System.Web.Mvc.ViewResultBase.ExecuteResult(ControllerContext context)
   在 System.Web.Mvc.ControllerActionInvoker.InvokeActionResult(ControllerContext controllerContext, ActionResult actionResult)
   在 System.Web.Mvc.ControllerActionInvoker.InvokeActionResultFilterRecursive(IList`1 filters, Int32 filterIndex, ResultExecutingContext preContext, ControllerContext controllerContext, ActionResult actionResult)
   在 System.Web.Mvc.ControllerActionInvoker.InvokeActionResultFilterRecursive(IList`1 filters, Int32 filterIndex, ResultExecutingContext preContext, ControllerContext controllerContext, ActionResult actionResult)
   在 System.Web.Mvc.ControllerActionInvoker.InvokeActionResultWithFilters(ControllerContext controllerContext, IList`1 filters, ActionResult actionResult)
   在 System.Web.Mvc.Async.AsyncControllerActionInvoker.<>c__DisplayClass21.<>c__DisplayClass2b.<BeginInvokeAction>b__1c()
   在 System.Web.Mvc.Async.AsyncControllerActionInvoker.<>c__DisplayClass21.<BeginInvokeAction>b__1e(IAsyncResult asyncResult)
2017-04-28 13:01:49.1750 Error System.InvalidOperationException: The view '~/Views/Sys/MenuNode.cshtml' or its master was not found or no view engine supports the searched locations. The following locations were searched:
~/Views/Sys/MenuNode.cshtml
~/Areas/Sys/Views/menu/{"Id":42,"Name":"首页","MenuView":"CisApp.view.sys.home.Home","ParentId":0,"ViewParams":null,"Handler":"openNewTab","Icon":"fa fa-home","SysAppKey":"3601DE249ADF63D4E0531D82750A85F3","ValidateCode":null,"OperationType":"2","MenuType":"3","Remark":null,"Sort":100,"State":"1"}.master
~/Areas/Sys/Views/Shared/{"Id":42,"Name":"首页","MenuView":"CisApp.view.sys.home.Home","ParentId":0,"ViewParams":null,"Handler":"openNewTab","Icon":"fa fa-home","SysAppKey":"3601DE249ADF63D4E0531D82750A85F3","ValidateCode":null,"OperationType":"2","MenuType":"3","Remark":null,"Sort":100,"State":"1"}.master
~/Views/menu/{"Id":42,"Name":"首页","MenuView":"CisApp.view.sys.home.Home","ParentId":0,"ViewParams":null,"Handler":"openNewTab","Icon":"fa fa-home","SysAppKey":"3601DE249ADF63D4E0531D82750A85F3","ValidateCode":null,"OperationType":"2","MenuType":"3","Remark":null,"Sort":100,"State":"1"}.master
~/Views/Shared/{"Id":42,"Name":"首页","MenuView":"CisApp.view.sys.home.Home","ParentId":0,"ViewParams":null,"Handler":"openNewTab","Icon":"fa fa-home","SysAppKey":"3601DE249ADF63D4E0531D82750A85F3","ValidateCode":null,"OperationType":"2","MenuType":"3","Remark":null,"Sort":100,"State":"1"}.master
~/Areas/Sys/Views/menu/{"Id":42,"Name":"首页","MenuView":"CisApp.view.sys.home.Home","ParentId":0,"ViewParams":null,"Handler":"openNewTab","Icon":"fa fa-home","SysAppKey":"3601DE249ADF63D4E0531D82750A85F3","ValidateCode":null,"OperationType":"2","MenuType":"3","Remark":null,"Sort":100,"State":"1"}.cshtml
~/Areas/Sys/Views/menu/{"Id":42,"Name":"首页","MenuView":"CisApp.view.sys.home.Home","ParentId":0,"ViewParams":null,"Handler":"openNewTab","Icon":"fa fa-home","SysAppKey":"3601DE249ADF63D4E0531D82750A85F3","ValidateCode":null,"OperationType":"2","MenuType":"3","Remark":null,"Sort":100,"State":"1"}.vbhtml
~/Areas/Sys/Views/Shared/{"Id":42,"Name":"首页","MenuView":"CisApp.view.sys.home.Home","ParentId":0,"ViewParams":null,"Handler":"openNewTab","Icon":"fa fa-home","SysAppKey":"3601DE249ADF63D4E0531D82750A85F3","ValidateCode":null,"OperationType":"2","MenuType":"3","Remark":null,"Sort":100,"State":"1"}.cshtml
~/Areas/Sys/Views/Shared/{"Id":42,"Name":"首页","MenuView":"CisApp.view.sys.home.Home","ParentId":0,"ViewParams":null,"Handler":"openNewTab","Icon":"fa fa-home","SysAppKey":"3601DE249ADF63D4E0531D82750A85F3","ValidateCode":null,"OperationType":"2","MenuType":"3","Remark":null,"Sort":100,"State":"1"}.vbhtml
~/Views/menu/{"Id":42,"Name":"首页","MenuView":"CisApp.view.sys.home.Home","ParentId":0,"ViewParams":null,"Handler":"openNewTab","Icon":"fa fa-home","SysAppKey":"3601DE249ADF63D4E0531D82750A85F3","ValidateCode":null,"OperationType":"2","MenuType":"3","Remark":null,"Sort":100,"State":"1"}.cshtml
~/Views/menu/{"Id":42,"Name":"首页","MenuView":"CisApp.view.sys.home.Home","ParentId":0,"ViewParams":null,"Handler":"openNewTab","Icon":"fa fa-home","SysAppKey":"3601DE249ADF63D4E0531D82750A85F3","ValidateCode":null,"OperationType":"2","MenuType":"3","Remark":null,"Sort":100,"State":"1"}.vbhtml
~/Views/Shared/{"Id":42,"Name":"首页","MenuView":"CisApp.view.sys.home.Home","ParentId":0,"ViewParams":null,"Handler":"openNewTab","Icon":"fa fa-home","SysAppKey":"3601DE249ADF63D4E0531D82750A85F3","ValidateCode":null,"OperationType":"2","MenuType":"3","Remark":null,"Sort":100,"State":"1"}.cshtml
~/Views/Shared/{"Id":42,"Name":"首页","MenuView":"CisApp.view.sys.home.Home","ParentId":0,"ViewParams":null,"Handler":"openNewTab","Icon":"fa fa-home","SysAppKey":"3601DE249ADF63D4E0531D82750A85F3","ValidateCode":null,"OperationType":"2","MenuType":"3","Remark":null,"Sort":100,"State":"1"}.vbhtml
   在 System.Web.Mvc.ViewResult.FindView(ControllerContext context)
   在 System.Web.Mvc.ViewResultBase.ExecuteResult(ControllerContext context)
   在 System.Web.Mvc.ControllerActionInvoker.InvokeActionResult(ControllerContext controllerContext, ActionResult actionResult)
   在 System.Web.Mvc.ControllerActionInvoker.InvokeActionResultFilterRecursive(IList`1 filters, Int32 filterIndex, ResultExecutingContext preContext, ControllerContext controllerContext, ActionResult actionResult)
   在 System.Web.Mvc.ControllerActionInvoker.InvokeActionResultFilterRecursive(IList`1 filters, Int32 filterIndex, ResultExecutingContext preContext, ControllerContext controllerContext, ActionResult actionResult)
   在 System.Web.Mvc.ControllerActionInvoker.InvokeActionResultWithFilters(ControllerContext controllerContext, IList`1 filters, ActionResult actionResult)
   在 System.Web.Mvc.Async.AsyncControllerActionInvoker.<>c__DisplayClass21.<>c__DisplayClass2b.<BeginInvokeAction>b__1c()
   在 System.Web.Mvc.Async.AsyncControllerActionInvoker.<>c__DisplayClass21.<BeginInvokeAction>b__1e(IAsyncResult asyncResult)
