2017-04-28 15:34:25.8502 Error System.InvalidCastException: 无法将类型为“System.Object[]”的对象强制转换为类型“System.IConvertible”。
   在 System.Convert.ToDecimal(Object value)
   在 MySql.Data.Types.MySqlDecimal.MySql.Data.Types.IMySqlValue.WriteValue(MySqlPacket packet, Boolean binary, Object val, Int32 length)
   在 MySql.Data.MySqlClient.MySqlParameter.Serialize(MySqlPacket packet, Boolean binary, MySqlConnectionStringBuilder settings)
   在 MySql.Data.MySqlClient.Statement.SerializeParameter(MySqlParameterCollection parameters, MySqlPacket packet, String parmName, Int32 parameterIndex)
   在 MySql.Data.MySqlClient.Statement.InternalBindParameters(String sql, MySqlParameterCollection parameters, MySqlPacket packet)
   在 MySql.Data.MySqlClient.Statement.BindParameters()
   在 MySql.Data.MySqlClient.PreparableStatement.Execute()
   在 MySql.Data.MySqlClient.MySqlCommand.ExecuteReader(CommandBehavior behavior)
   在 MySql.Data.MySqlClient.MySqlCommand.ExecuteNonQuery()
   在 Han.DbLight.MySQl.BatchMySqlHelper.BatchInsertOrUpdate(String insertOrUpdateSql, Dictionary`2 columnRowData) 位置 C:\hankk\Fm\Han.DbLight.MySQl\BatchMySqlHelper.cs:行号 114
   在 Han.DbLight.MySQl.MySqlSingleTableDao`1.BatchUpdate(List`1 domains, String where, Expression`1[] cols) 位置 C:\hankk\Fm\Han.DbLight.MySQl\MySqlSingleTableDao.cs:行号 87
   在 Han.Fm.Service.Sys.MenuService.SaveMenu(MenuResult node) 位置 C:\hankk\Fm\Han.Fm.Service\Sys\MenuService.cs:行号 36
   在 Han.Fm.Web.Areas.Sys.Controllers.MenuController.SaveMenu(MenuResult menunode) 位置 C:\hankk\Fm\Han.Fm.Web\Areas\Sys\Controllers\MenuController.cs:行号 50
   在 lambda_method(Closure , ControllerBase , Object[] )
   在 System.Web.Mvc.ActionMethodDispatcher.Execute(ControllerBase controller, Object[] parameters)
   在 System.Web.Mvc.ReflectedActionDescriptor.Execute(ControllerContext controllerContext, IDictionary`2 parameters)
   在 System.Web.Mvc.ControllerActionInvoker.InvokeActionMethod(ControllerContext controllerContext, ActionDescriptor actionDescriptor, IDictionary`2 parameters)
   在 System.Web.Mvc.Async.AsyncControllerActionInvoker.<BeginInvokeSynchronousActionMethod>b__39(IAsyncResult asyncResult, ActionInvocation innerInvokeState)
   在 System.Web.Mvc.Async.AsyncResultWrapper.WrappedAsyncResult`2.CallEndDelegate(IAsyncResult asyncResult)
   在 System.Web.Mvc.Async.AsyncResultWrapper.WrappedAsyncResultBase`1.End()
   在 System.Web.Mvc.Async.AsyncControllerActionInvoker.EndInvokeActionMethod(IAsyncResult asyncResult)
   在 System.Web.Mvc.Async.AsyncControllerActionInvoker.AsyncInvocationWithFilters.<InvokeActionMethodFilterAsynchronouslyRecursive>b__3d()
   在 System.Web.Mvc.Async.AsyncControllerActionInvoker.AsyncInvocationWithFilters.<>c__DisplayClass46.<InvokeActionMethodFilterAsynchronouslyRecursive>b__3f()
   在 System.Web.Mvc.Async.AsyncControllerActionInvoker.<>c__DisplayClass33.<BeginInvokeActionMethodWithFilters>b__32(IAsyncResult asyncResult)
   在 System.Web.Mvc.Async.AsyncResultWrapper.WrappedAsyncResult`1.CallEndDelegate(IAsyncResult asyncResult)
   在 System.Web.Mvc.Async.AsyncResultWrapper.WrappedAsyncResultBase`1.End()
   在 System.Web.Mvc.Async.AsyncControllerActionInvoker.EndInvokeActionMethodWithFilters(IAsyncResult asyncResult)
   在 System.Web.Mvc.Async.AsyncControllerActionInvoker.<>c__DisplayClass21.<>c__DisplayClass2b.<BeginInvokeAction>b__1c()
   在 System.Web.Mvc.Async.AsyncControllerActionInvoker.<>c__DisplayClass21.<BeginInvokeAction>b__1e(IAsyncResult asyncResult)
2017-04-28 15:39:30.9369 Error System.NullReferenceException: 未将对象引用设置到对象的实例。
   在 Han.DbLight.MySQl.BatchMySqlHelper.WriteLog(MySqlCommand cmd) 位置 C:\hankk\Fm\Han.DbLight.MySQl\BatchMySqlHelper.cs:行号 140
   在 Han.DbLight.MySQl.BatchMySqlHelper.WriteLog(Level logLevel, MySqlCommand cmd) 位置 C:\hankk\Fm\Han.DbLight.MySQl\BatchMySqlHelper.cs:行号 131
   在 Han.DbLight.MySQl.BatchMySqlHelper.BatchInsertOrUpdate(String insertOrUpdateSql, Dictionary`2 columnRowData) 位置 C:\hankk\Fm\Han.DbLight.MySQl\BatchMySqlHelper.cs:行号 112
   在 Han.DbLight.MySQl.MySqlSingleTableDao`1.BatchUpdate(List`1 domains, String where, Expression`1[] cols) 位置 C:\hankk\Fm\Han.DbLight.MySQl\MySqlSingleTableDao.cs:行号 87
   在 Han.Fm.Service.Sys.MenuService.SaveMenu(MenuResult node) 位置 C:\hankk\Fm\Han.Fm.Service\Sys\MenuService.cs:行号 36
   在 Han.Fm.Web.Areas.Sys.Controllers.MenuController.SaveMenu(MenuResult menunode) 位置 C:\hankk\Fm\Han.Fm.Web\Areas\Sys\Controllers\MenuController.cs:行号 50
   在 lambda_method(Closure , ControllerBase , Object[] )
   在 System.Web.Mvc.ActionMethodDispatcher.Execute(ControllerBase controller, Object[] parameters)
   在 System.Web.Mvc.ReflectedActionDescriptor.Execute(ControllerContext controllerContext, IDictionary`2 parameters)
   在 System.Web.Mvc.ControllerActionInvoker.InvokeActionMethod(ControllerContext controllerContext, ActionDescriptor actionDescriptor, IDictionary`2 parameters)
   在 System.Web.Mvc.Async.AsyncControllerActionInvoker.<BeginInvokeSynchronousActionMethod>b__39(IAsyncResult asyncResult, ActionInvocation innerInvokeState)
   在 System.Web.Mvc.Async.AsyncResultWrapper.WrappedAsyncResult`2.CallEndDelegate(IAsyncResult asyncResult)
   在 System.Web.Mvc.Async.AsyncResultWrapper.WrappedAsyncResultBase`1.End()
   在 System.Web.Mvc.Async.AsyncControllerActionInvoker.EndInvokeActionMethod(IAsyncResult asyncResult)
   在 System.Web.Mvc.Async.AsyncControllerActionInvoker.AsyncInvocationWithFilters.<InvokeActionMethodFilterAsynchronouslyRecursive>b__3d()
   在 System.Web.Mvc.Async.AsyncControllerActionInvoker.AsyncInvocationWithFilters.<>c__DisplayClass46.<InvokeActionMethodFilterAsynchronouslyRecursive>b__3f()
   在 System.Web.Mvc.Async.AsyncControllerActionInvoker.<>c__DisplayClass33.<BeginInvokeActionMethodWithFilters>b__32(IAsyncResult asyncResult)
   在 System.Web.Mvc.Async.AsyncResultWrapper.WrappedAsyncResult`1.CallEndDelegate(IAsyncResult asyncResult)
   在 System.Web.Mvc.Async.AsyncResultWrapper.WrappedAsyncResultBase`1.End()
   在 System.Web.Mvc.Async.AsyncControllerActionInvoker.EndInvokeActionMethodWithFilters(IAsyncResult asyncResult)
   在 System.Web.Mvc.Async.AsyncControllerActionInvoker.<>c__DisplayClass21.<>c__DisplayClass2b.<BeginInvokeAction>b__1c()
   在 System.Web.Mvc.Async.AsyncControllerActionInvoker.<>c__DisplayClass21.<BeginInvokeAction>b__1e(IAsyncResult asyncResult)
2017-04-28 15:43:01.3081 Error System.NullReferenceException: 未将对象引用设置到对象的实例。
   在 Han.DbLight.MySQl.BatchMySqlHelper.WriteLog(MySqlCommand cmd) 位置 C:\hankk\Fm\Han.DbLight.MySQl\BatchMySqlHelper.cs:行号 140
   在 Han.DbLight.MySQl.BatchMySqlHelper.WriteLog(Level logLevel, MySqlCommand cmd) 位置 C:\hankk\Fm\Han.DbLight.MySQl\BatchMySqlHelper.cs:行号 131
   在 Han.DbLight.MySQl.BatchMySqlHelper.BatchInsertOrUpdate(String insertOrUpdateSql, Dictionary`2 columnRowData) 位置 C:\hankk\Fm\Han.DbLight.MySQl\BatchMySqlHelper.cs:行号 112
   在 Han.DbLight.MySQl.MySqlSingleTableDao`1.BatchUpdate(List`1 domains, String where, Expression`1[] cols) 位置 C:\hankk\Fm\Han.DbLight.MySQl\MySqlSingleTableDao.cs:行号 87
   在 Han.Fm.Service.Sys.MenuService.SaveMenu(MenuResult node) 位置 C:\hankk\Fm\Han.Fm.Service\Sys\MenuService.cs:行号 36
   在 Han.Fm.Web.Areas.Sys.Controllers.MenuController.SaveMenu(MenuResult menunode) 位置 C:\hankk\Fm\Han.Fm.Web\Areas\Sys\Controllers\MenuController.cs:行号 50
   在 lambda_method(Closure , ControllerBase , Object[] )
   在 System.Web.Mvc.ActionMethodDispatcher.Execute(ControllerBase controller, Object[] parameters)
   在 System.Web.Mvc.ReflectedActionDescriptor.Execute(ControllerContext controllerContext, IDictionary`2 parameters)
   在 System.Web.Mvc.ControllerActionInvoker.InvokeActionMethod(ControllerContext controllerContext, ActionDescriptor actionDescriptor, IDictionary`2 parameters)
   在 System.Web.Mvc.Async.AsyncControllerActionInvoker.<BeginInvokeSynchronousActionMethod>b__39(IAsyncResult asyncResult, ActionInvocation innerInvokeState)
   在 System.Web.Mvc.Async.AsyncResultWrapper.WrappedAsyncResult`2.CallEndDelegate(IAsyncResult asyncResult)
   在 System.Web.Mvc.Async.AsyncResultWrapper.WrappedAsyncResultBase`1.End()
   在 System.Web.Mvc.Async.AsyncControllerActionInvoker.EndInvokeActionMethod(IAsyncResult asyncResult)
   在 System.Web.Mvc.Async.AsyncControllerActionInvoker.AsyncInvocationWithFilters.<InvokeActionMethodFilterAsynchronouslyRecursive>b__3d()
   在 System.Web.Mvc.Async.AsyncControllerActionInvoker.AsyncInvocationWithFilters.<>c__DisplayClass46.<InvokeActionMethodFilterAsynchronouslyRecursive>b__3f()
   在 System.Web.Mvc.Async.AsyncControllerActionInvoker.<>c__DisplayClass33.<BeginInvokeActionMethodWithFilters>b__32(IAsyncResult asyncResult)
   在 System.Web.Mvc.Async.AsyncResultWrapper.WrappedAsyncResult`1.CallEndDelegate(IAsyncResult asyncResult)
   在 System.Web.Mvc.Async.AsyncResultWrapper.WrappedAsyncResultBase`1.End()
   在 System.Web.Mvc.Async.AsyncControllerActionInvoker.EndInvokeActionMethodWithFilters(IAsyncResult asyncResult)
   在 System.Web.Mvc.Async.AsyncControllerActionInvoker.<>c__DisplayClass21.<>c__DisplayClass2b.<BeginInvokeAction>b__1c()
   在 System.Web.Mvc.Async.AsyncControllerActionInvoker.<>c__DisplayClass21.<BeginInvokeAction>b__1e(IAsyncResult asyncResult)
