2017-04-25 15:28:56.1583 Error MySql.Data.MySqlClient.MySqlException (0x80004005): Table 'shenghedb.dw_zd_hospital' doesn't exist
   在 MySql.Data.MySqlClient.MySqlStream.ReadPacket()
   在 MySql.Data.MySqlClient.NativeDriver.GetResult(Int32& affectedRow, Int64& insertedId)
   在 MySql.Data.MySqlClient.Driver.GetResult(Int32 statementId, Int32& affectedRows, Int64& insertedId)
   在 MySql.Data.MySqlClient.Driver.NextResult(Int32 statementId, Boolean force)
   在 MySql.Data.MySqlClient.MySqlDataReader.NextResult()
   在 MySql.Data.MySqlClient.MySqlCommand.ExecuteReader(CommandBehavior behavior)
   在 MySql.Data.MySqlClient.MySqlCommand.ExecuteDbDataReader(CommandBehavior behavior)
   在 System.Data.Common.DbCommand.ExecuteReader()
   在 Han.DbLight.MySQl.MySqlQuerySession.ExecuteSqlString[TResult](String commandText, IRowMapper`1 rowMapper, IDictionary`2 dbParams) 位置 C:\hankk\Fm\Han.DbLight.MySQl\MySqlQuerySession.cs:行号 165
   在 Han.DbLight.MySQl.MySqlQuerySession.ExecuteSqlString[TResult](String commandText, IRowMapper`1 rowMapper, Object[] parameterValues) 位置 C:\hankk\Fm\Han.DbLight.MySQl\MySqlQuerySession.cs:行号 189
   在 Han.DbLight.MySQl.MySqlQuerySession.ExecuteSqlString[TResult](String sqlString, Object[] parameterValues) 位置 C:\hankk\Fm\Han.DbLight.MySQl\MySqlQuerySession.cs:行号 125
   在 Han.Fm.Dal.Sys.UserDao.GetUsers() 位置 C:\hankk\Fm\Han.Fm.Dal\Sys\UserDao.cs:行号 42
   在 Han.Fm.Service.Sys.UserService.GetUsers() 位置 C:\hankk\Fm\Han.Fm.Service\Sys\UserService.cs:行号 29
   在 Han.Fm.Web.Areas.Sys.Controllers.UserController.GetUsers(String sEcho, Decimal iDisplayLength) 位置 C:\hankk\Fm\Han.Fm.Web\Areas\Sys\Controllers\UserController.cs:行号 23
   在 lambda_method(Closure , ControllerBase , Object[] )
   在 System.Web.Mvc.ActionMethodDispatcher.Execute(ControllerBase controller, Object[] parameters)
   在 System.Web.Mvc.ReflectedActionDescriptor.Execute(ControllerContext controllerContext, IDictionary`2 parameters)
   在 System.Web.Mvc.ControllerActionInvoker.InvokeActionMethod(ControllerContext controllerContext, ActionDescriptor actionDescriptor, IDictionary`2 parameters)
   在 System.Web.Mvc.Async.AsyncControllerActionInvoker.<BeginInvokeSynchronousActionMethod>b__39(IAsyncResult asyncResult, ActionInvocation innerInvokeState)
   在 System.Web.Mvc.Async.AsyncResultWrapper.WrappedAsyncResult`2.CallEndDelegate(IAsyncResult asyncResult)
   在 System.Web.Mvc.Async.AsyncResultWrapper.WrappedAsyncResultBase`1.End()
   在 System.Web.Mvc.Async.AsyncControllerActionInvoker.EndInvokeActionMethod(IAsyncResult asyncResult)
   在 System.Web.Mvc.Async.AsyncControllerActionInvoker.AsyncInvocationWithFilters.<InvokeActionMethodFilterAsynchronouslyRecursive>b__3d()
   在 System.Web.Mvc.Async.AsyncControllerActionInvoker.AsyncInvocationWithFilters.<>c__DisplayClass46.<InvokeActionMethodFilterAsynchronouslyRecursive>b__3f()
   在 System.Web.Mvc.Async.AsyncControllerActionInvoker.<>c__DisplayClass33.<BeginInvokeActionMethodWithFilters>b__32(IAsyncResult asyncResult)
   在 System.Web.Mvc.Async.AsyncResultWrapper.WrappedAsyncResult`1.CallEndDelegate(IAsyncResult asyncResult)
   在 System.Web.Mvc.Async.AsyncResultWrapper.WrappedAsyncResultBase`1.End()
   在 System.Web.Mvc.Async.AsyncControllerActionInvoker.EndInvokeActionMethodWithFilters(IAsyncResult asyncResult)
   在 System.Web.Mvc.Async.AsyncControllerActionInvoker.<>c__DisplayClass21.<>c__DisplayClass2b.<BeginInvokeAction>b__1c()
   在 System.Web.Mvc.Async.AsyncControllerActionInvoker.<>c__DisplayClass21.<BeginInvokeAction>b__1e(IAsyncResult asyncResult)
2017-04-25 15:29:03.6864 Error MySql.Data.MySqlClient.MySqlException (0x80004005): Table 'shenghedb.dw_zd_hospital' doesn't exist
   在 MySql.Data.MySqlClient.MySqlStream.ReadPacket()
   在 MySql.Data.MySqlClient.NativeDriver.GetResult(Int32& affectedRow, Int64& insertedId)
   在 MySql.Data.MySqlClient.Driver.GetResult(Int32 statementId, Int32& affectedRows, Int64& insertedId)
   在 MySql.Data.MySqlClient.Driver.NextResult(Int32 statementId, Boolean force)
   在 MySql.Data.MySqlClient.MySqlDataReader.NextResult()
   在 MySql.Data.MySqlClient.MySqlCommand.ExecuteReader(CommandBehavior behavior)
   在 MySql.Data.MySqlClient.MySqlCommand.ExecuteDbDataReader(CommandBehavior behavior)
   在 System.Data.Common.DbCommand.ExecuteReader()
   在 Han.DbLight.MySQl.MySqlQuerySession.ExecuteSqlString[TResult](String commandText, IRowMapper`1 rowMapper, IDictionary`2 dbParams) 位置 C:\hankk\Fm\Han.DbLight.MySQl\MySqlQuerySession.cs:行号 165
   在 Han.DbLight.MySQl.MySqlQuerySession.ExecuteSqlString[TResult](String commandText, IRowMapper`1 rowMapper, Object[] parameterValues) 位置 C:\hankk\Fm\Han.DbLight.MySQl\MySqlQuerySession.cs:行号 189
   在 Han.DbLight.MySQl.MySqlQuerySession.ExecuteSqlString[TResult](String sqlString, Object[] parameterValues) 位置 C:\hankk\Fm\Han.DbLight.MySQl\MySqlQuerySession.cs:行号 125
   在 Han.Fm.Dal.Sys.UserDao.GetUsers() 位置 C:\hankk\Fm\Han.Fm.Dal\Sys\UserDao.cs:行号 42
   在 Han.Fm.Service.Sys.UserService.GetUsers() 位置 C:\hankk\Fm\Han.Fm.Service\Sys\UserService.cs:行号 29
   在 Han.Fm.Web.Areas.Sys.Controllers.UserController.GetUsers(String sEcho, Decimal iDisplayLength) 位置 C:\hankk\Fm\Han.Fm.Web\Areas\Sys\Controllers\UserController.cs:行号 23
   在 lambda_method(Closure , ControllerBase , Object[] )
   在 System.Web.Mvc.ActionMethodDispatcher.Execute(ControllerBase controller, Object[] parameters)
   在 System.Web.Mvc.ReflectedActionDescriptor.Execute(ControllerContext controllerContext, IDictionary`2 parameters)
   在 System.Web.Mvc.ControllerActionInvoker.InvokeActionMethod(ControllerContext controllerContext, ActionDescriptor actionDescriptor, IDictionary`2 parameters)
   在 System.Web.Mvc.Async.AsyncControllerActionInvoker.<BeginInvokeSynchronousActionMethod>b__39(IAsyncResult asyncResult, ActionInvocation innerInvokeState)
   在 System.Web.Mvc.Async.AsyncResultWrapper.WrappedAsyncResult`2.CallEndDelegate(IAsyncResult asyncResult)
   在 System.Web.Mvc.Async.AsyncResultWrapper.WrappedAsyncResultBase`1.End()
   在 System.Web.Mvc.Async.AsyncControllerActionInvoker.EndInvokeActionMethod(IAsyncResult asyncResult)
   在 System.Web.Mvc.Async.AsyncControllerActionInvoker.AsyncInvocationWithFilters.<InvokeActionMethodFilterAsynchronouslyRecursive>b__3d()
   在 System.Web.Mvc.Async.AsyncControllerActionInvoker.AsyncInvocationWithFilters.<>c__DisplayClass46.<InvokeActionMethodFilterAsynchronouslyRecursive>b__3f()
   在 System.Web.Mvc.Async.AsyncControllerActionInvoker.<>c__DisplayClass33.<BeginInvokeActionMethodWithFilters>b__32(IAsyncResult asyncResult)
   在 System.Web.Mvc.Async.AsyncResultWrapper.WrappedAsyncResult`1.CallEndDelegate(IAsyncResult asyncResult)
   在 System.Web.Mvc.Async.AsyncResultWrapper.WrappedAsyncResultBase`1.End()
   在 System.Web.Mvc.Async.AsyncControllerActionInvoker.EndInvokeActionMethodWithFilters(IAsyncResult asyncResult)
   在 System.Web.Mvc.Async.AsyncControllerActionInvoker.<>c__DisplayClass21.<>c__DisplayClass2b.<BeginInvokeAction>b__1c()
   在 System.Web.Mvc.Async.AsyncControllerActionInvoker.<>c__DisplayClass21.<BeginInvokeAction>b__1e(IAsyncResult asyncResult)
